Training & validating on 6680 samples in batches of 20
Random accuracy is 0.75%

Epoch: 1 	Training Loss: 0.356652 	Validation Loss: 0.157705 |v/t=0.44	Accuracy: 50.8% (424/835)
  Checkpoint:	 Loss (inf --> 0.157705)	Accuracy (0.0% ++> 50.8%)
Epoch: 2 	Training Loss: 0.252262 	Validation Loss: 0.122299 |v/t=0.48	Accuracy: 59.2% (494/835)
  Checkpoint:	 Loss (0.157705 --> 0.122299)	Accuracy (50.8% ++> 59.2%)
Epoch: 3 	Training Loss: 0.217694 	Validation Loss: 0.100555 |v/t=0.46	Accuracy: 66.6% (556/835)
  Checkpoint:	 Loss (0.122299 --> 0.100555)	Accuracy (59.2% ++> 66.6%)
Epoch: 4 	Training Loss: 0.195870 	Validation Loss: 0.097027 |v/t=0.50	Accuracy: 68.5% (572/835)
  Checkpoint:	 Loss (0.100555 --> 0.097027)	Accuracy (66.6% ++> 68.5%)
Epoch: 5 	Training Loss: 0.188840 	Validation Loss: 0.080369 |v/t=0.43	Accuracy: 73.7% (615/835)
  Checkpoint:	 Loss (0.097027 --> 0.080369)	Accuracy (68.5% ++> 73.7%)
Epoch: 6 	Training Loss: 0.178378 	Validation Loss: 0.075725 |v/t=0.42	Accuracy: 73.4% (613/835)
Epoch: 7 	Training Loss: 0.172742 	Validation Loss: 0.070113 |v/t=0.41	Accuracy: 75.1% (627/835)
  Checkpoint:	 Loss (0.080369 --> 0.070113)	Accuracy (73.7% ++> 75.1%)
Epoch: 8 	Training Loss: 0.165817 	Validation Loss: 0.074532 |v/t=0.45	Accuracy: 74.7% (624/835)
Epoch: 9 	Training Loss: 0.157282 	Validation Loss: 0.070473 |v/t=0.45	Accuracy: 76.9% (642/835)
Epoch: 10 	Training Loss: 0.154591 	Validation Loss: 0.069449 |v/t=0.45	Accuracy: 74.0% (618/835)
Epoch: 11 	Training Loss: 0.153500 	Validation Loss: 0.068184 |v/t=0.44	Accuracy: 77.0% (643/835)
  Checkpoint:	 Loss (0.070113 --> 0.068184)	Accuracy (75.1% ++> 77.0%)
Epoch: 12 	Training Loss: 0.149716 	Validation Loss: 0.063366 |v/t=0.42	Accuracy: 79.0% (660/835)
  Checkpoint:	 Loss (0.068184 --> 0.063366)	Accuracy (77.0% ++> 79.0%)
Epoch: 13 	Training Loss: 0.145934 	Validation Loss: 0.060284 |v/t=0.41	Accuracy: 79.8% (666/835)
  Checkpoint:	 Loss (0.063366 --> 0.060284)	Accuracy (79.0% ++> 79.8%)
Epoch: 14 	Training Loss: 0.144488 	Validation Loss: 0.062918 |v/t=0.44	Accuracy: 79.3% (662/835)
Epoch: 15 	Training Loss: 0.141727 	Validation Loss: 0.060591 |v/t=0.43	Accuracy: 79.6% (665/835)
Epoch: 16 	Training Loss: 0.138420 	Validation Loss: 0.063481 |v/t=0.46	Accuracy: 79.2% (661/835)
Epoch: 17 	Training Loss: 0.140691 	Validation Loss: 0.058655 |v/t=0.42	Accuracy: 80.1% (669/835)
  Checkpoint:	 Loss (0.060284 --> 0.058655)	Accuracy (79.8% ++> 80.1%)
Epoch: 18 	Training Loss: 0.131569 	Validation Loss: 0.064809 |v/t=0.49	Accuracy: 78.4% (655/835)
Epoch: 19 	Training Loss: 0.132242 	Validation Loss: 0.058435 |v/t=0.44	Accuracy: 81.0% (676/835)
  Checkpoint:	 Loss (0.058655 --> 0.058435)	Accuracy (80.1% ++> 81.0%)
Epoch: 20 	Training Loss: 0.126848 	Validation Loss: 0.059036 |v/t=0.47	Accuracy: 80.0% (668/835)
Epoch: 21 	Training Loss: 0.129022 	Validation Loss: 0.060765 |v/t=0.47	Accuracy: 78.9% (659/835)
Epoch: 22 	Training Loss: 0.125437 	Validation Loss: 0.060988 |v/t=0.49	Accuracy: 79.6% (665/835)
Epoch: 23 	Training Loss: 0.122263 	Validation Loss: 0.055848 |v/t=0.46	Accuracy: 81.7% (682/835)
  Checkpoint:	 Loss (0.058435 --> 0.055848)	Accuracy (81.0% ++> 81.7%)
Epoch: 24 	Training Loss: 0.121796 	Validation Loss: 0.058148 |v/t=0.48	Accuracy: 81.1% (677/835)
Epoch: 25 	Training Loss: 0.124470 	Validation Loss: 0.059246 |v/t=0.48	Accuracy: 81.2% (678/835)
Epoch: 26 	Training Loss: 0.121719 	Validation Loss: 0.057379 |v/t=0.47	Accuracy: 81.3% (679/835)
Epoch: 27 	Training Loss: 0.122358 	Validation Loss: 0.056877 |v/t=0.46	Accuracy: 83.1% (694/835)
Epoch: 28 	Training Loss: 0.118632 	Validation Loss: 0.056448 |v/t=0.48	Accuracy: 81.7% (682/835)
Epoch: 29 	Training Loss: 0.119560 	Validation Loss: 0.055978 |v/t=0.47	Accuracy: 82.5% (689/835)
Epoch: 30 	Training Loss: 0.116476 	Validation Loss: 0.054273 |v/t=0.47	Accuracy: 82.4% (688/835)
  Checkpoint:	 Loss (0.055848 --> 0.054273)	Accuracy (81.7% ++> 82.4%)
Epoch: 31 	Training Loss: 0.113807 	Validation Loss: 0.055552 |v/t=0.49	Accuracy: 81.4% (680/835)
Epoch: 32 	Training Loss: 0.113348 	Validation Loss: 0.055324 |v/t=0.49	Accuracy: 82.3% (687/835)
Epoch: 33 	Training Loss: 0.114486 	Validation Loss: 0.052933 |v/t=0.46	Accuracy: 83.4% (696/835)
  Checkpoint:	 Loss (0.054273 --> 0.052933)	Accuracy (82.4% ++> 83.4%)
Epoch: 34 	Training Loss: 0.109534 	Validation Loss: 0.054329 |v/t=0.50	Accuracy: 83.2% (695/835)
Epoch: 35 	Training Loss: 0.112206 	Validation Loss: 0.054822 |v/t=0.49	Accuracy: 83.1% (694/835)
Epoch: 36 	Training Loss: 0.113258 	Validation Loss: 0.055500 |v/t=0.49	Accuracy: 81.8% (683/835)
Epoch: 37 	Training Loss: 0.109227 	Validation Loss: 0.056420 |v/t=0.52	Accuracy: 82.0% (685/835)
Epoch: 38 	Training Loss: 0.106199 	Validation Loss: 0.056690 |v/t=0.53	Accuracy: 83.1% (694/835)
Epoch: 39 	Training Loss: 0.106800 	Validation Loss: 0.055179 |v/t=0.52	Accuracy: 82.0% (685/835)
Epoch: 40 	Training Loss: 0.106592 	Validation Loss: 0.056011 |v/t=0.53	Accuracy: 82.0% (685/835)
Epoch: 41 	Training Loss: 0.106810 	Validation Loss: 0.051982 |v/t=0.49	Accuracy: 84.1% (702/835)
  Checkpoint:	 Loss (0.052933 --> 0.051982)	Accuracy (83.4% ++> 84.1%)
Epoch: 42 	Training Loss: 0.106691 	Validation Loss: 0.056047 |v/t=0.53	Accuracy: 82.3% (687/835)
Epoch: 43 	Training Loss: 0.107482 	Validation Loss: 0.052172 |v/t=0.49	Accuracy: 83.7% (699/835)
Epoch: 44 	Training Loss: 0.106891 	Validation Loss: 0.054812 |v/t=0.51	Accuracy: 82.6% (690/835)
Epoch: 45 	Training Loss: 0.104369 	Validation Loss: 0.055040 |v/t=0.53	Accuracy: 81.9% (684/835)
Epoch: 46 	Training Loss: 0.102463 	Validation Loss: 0.054997 |v/t=0.54	Accuracy: 82.9% (692/835)
Epoch: 47 	Training Loss: 0.101528 	Validation Loss: 0.050175 |v/t=0.49	Accuracy: 84.0% (701/835)
Epoch: 48 	Training Loss: 0.102779 	Validation Loss: 0.052547 |v/t=0.51	Accuracy: 83.8% (700/835)
Epoch: 49 	Training Loss: 0.101595 	Validation Loss: 0.052068 |v/t=0.51	Accuracy: 83.8% (700/835)
Epoch: 50 	Training Loss: 0.102920 	Validation Loss: 0.052718 |v/t=0.51	Accuracy: 83.1% (694/835)
Epoch: 51 	Training Loss: 0.099029 	Validation Loss: 0.049337 |v/t=0.50	Accuracy: 84.8% (708/835)
  Checkpoint:	 Loss (0.051982 --> 0.049337)	Accuracy (84.1% ++> 84.8%)
Epoch: 52 	Training Loss: 0.099090 	Validation Loss: 0.055719 |v/t=0.56	Accuracy: 83.8% (700/835)
Epoch: 53 	Training Loss: 0.097388 	Validation Loss: 0.054102 |v/t=0.56	Accuracy: 84.4% (705/835)
Epoch: 54 	Training Loss: 0.099338 	Validation Loss: 0.050809 |v/t=0.51	Accuracy: 84.9% (709/835)
Epoch: 55 	Training Loss: 0.097088 	Validation Loss: 0.049817 |v/t=0.51	Accuracy: 84.7% (707/835)
Epoch: 56 	Training Loss: 0.096858 	Validation Loss: 0.052438 |v/t=0.54	Accuracy: 81.9% (684/835)
Epoch: 57 	Training Loss: 0.096824 	Validation Loss: 0.055856 |v/t=0.58	Accuracy: 82.0% (685/835)
Epoch: 58 	Training Loss: 0.095378 	Validation Loss: 0.053843 |v/t=0.56	Accuracy: 82.6% (690/835)
Epoch: 59 	Training Loss: 0.096564 	Validation Loss: 0.052501 |v/t=0.54	Accuracy: 84.0% (701/835)
Epoch: 60 	Training Loss: 0.095606 	Validation Loss: 0.054413 |v/t=0.57	Accuracy: 83.1% (694/835)
Epoch: 61 	Training Loss: 0.094960 	Validation Loss: 0.051777 |v/t=0.55	Accuracy: 84.1% (702/835)
Epoch: 62 	Training Loss: 0.092274 	Validation Loss: 0.055490 |v/t=0.60	Accuracy: 82.8% (691/835)
Epoch: 63 	Training Loss: 0.095262 	Validation Loss: 0.055726 |v/t=0.58	Accuracy: 83.8% (700/835)
Epoch: 64 	Training Loss: 0.095259 	Validation Loss: 0.054151 |v/t=0.57	Accuracy: 82.5% (689/835)
Epoch: 65 	Training Loss: 0.092050 	Validation Loss: 0.049791 |v/t=0.54	Accuracy: 86.2% (720/835)
Epoch: 66 	Training Loss: 0.091245 	Validation Loss: 0.051413 |v/t=0.56	Accuracy: 83.4% (696/835)
Epoch: 67 	Training Loss: 0.091394 	Validation Loss: 0.049680 |v/t=0.54	Accuracy: 84.3% (704/835)
Epoch: 68 	Training Loss: 0.089448 	Validation Loss: 0.048736 |v/t=0.54	Accuracy: 84.4% (705/835)
Epoch: 69 	Training Loss: 0.091669 	Validation Loss: 0.049393 |v/t=0.54	Accuracy: 83.1% (694/835)
Epoch: 70 	Training Loss: 0.091964 	Validation Loss: 0.052761 |v/t=0.57	Accuracy: 83.1% (694/835)
Epoch: 71 	Training Loss: 0.091042 	Validation Loss: 0.053784 |v/t=0.59	Accuracy: 83.7% (699/835)
Epoch: 72 	Training Loss: 0.091582 	Validation Loss: 0.050107 |v/t=0.55	Accuracy: 84.7% (707/835)
Epoch: 73 	Training Loss: 0.086512 	Validation Loss: 0.054442 |v/t=0.63	Accuracy: 84.2% (703/835)
25% 	Training Loss: 0.056162 --> 0.090760 	#/s: 7.3